<?xml version="1.0" encoding="UTF-8"?>
<testng-results ignored="0" total="3" passed="3" failed="0" skipped="0">
  <reporter-output>
  </reporter-output>
  <suite started-at="2022-09-16T10:18:37 TRT" name="Default suite" finished-at="2022-09-16T10:19:15 TRT" duration-ms="38587">
    <groups>
      <group name="Purchase">
        <method signature="SubmitOrderTest3.submitOrder(java.util.HashMap)[pri:0, instance:sirketadi.Tests.SubmitOrderTest3@52719fb6]" name="submitOrder" class="sirketadi.Tests.SubmitOrderTest3"/>
      </group> <!-- Purchase -->
    </groups>
    <test started-at="2022-09-16T10:18:37 TRT" name="Default test" finished-at="2022-09-16T10:19:15 TRT" duration-ms="38587">
      <class name="sirketadi.Tests.SubmitOrderTest3">
        <test-method is-config="true" signature="launchApplication()[pri:0, instance:sirketadi.Tests.SubmitOrderTest3@52719fb6]" started-at="2022-09-16T10:18:37 TRT" name="launchApplication" finished-at="2022-09-16T10:18:43 TRT" duration-ms="5978" status="PASS">
          <reporter-output>
          </reporter-output>
        </test-method> <!-- launchApplication -->
        <test-method signature="submitOrder(java.util.HashMap)[pri:0, instance:sirketadi.Tests.SubmitOrderTest3@52719fb6]" started-at="2022-09-16T10:18:43 TRT" name="submitOrder" data-provider="getData" finished-at="2022-09-16T10:18:53 TRT" duration-ms="9878" status="PASS">
          <params>
            <param index="0">
              <value>
                <![CDATA[{password=123456Hc., email=example28@gmail.com, productName=ZARA COAT 3}]]>
              </value>
            </param>
          </params>
          <reporter-output>
          </reporter-output>
        </test-method> <!-- submitOrder -->
        <test-method is-config="true" signature="tearDown()[pri:0, instance:sirketadi.Tests.SubmitOrderTest3@52719fb6]" started-at="2022-09-16T10:18:53 TRT" name="tearDown" finished-at="2022-09-16T10:18:53 TRT" duration-ms="403" status="PASS">
          <reporter-output>
          </reporter-output>
        </test-method> <!-- tearDown -->
        <test-method is-config="true" signature="launchApplication()[pri:0, instance:sirketadi.Tests.SubmitOrderTest3@52719fb6]" started-at="2022-09-16T10:18:53 TRT" name="launchApplication" finished-at="2022-09-16T10:18:58 TRT" duration-ms="5292" status="PASS">
          <reporter-output>
          </reporter-output>
        </test-method> <!-- launchApplication -->
        <test-method signature="submitOrder(java.util.HashMap)[pri:0, instance:sirketadi.Tests.SubmitOrderTest3@52719fb6]" started-at="2022-09-16T10:18:58 TRT" name="submitOrder" data-provider="getData" finished-at="2022-09-16T10:19:08 TRT" duration-ms="9889" status="PASS">
          <params>
            <param index="0">
              <value>
                <![CDATA[{password=123456Hc., email=example28@gmail.com, productName=ZARA COAT 3}]]>
              </value>
            </param>
          </params>
          <reporter-output>
          </reporter-output>
        </test-method> <!-- submitOrder -->
        <test-method is-config="true" signature="tearDown()[pri:0, instance:sirketadi.Tests.SubmitOrderTest3@52719fb6]" started-at="2022-09-16T10:19:08 TRT" name="tearDown" finished-at="2022-09-16T10:19:09 TRT" duration-ms="342" status="PASS">
          <reporter-output>
          </reporter-output>
        </test-method> <!-- tearDown -->
        <test-method is-config="true" signature="launchApplication()[pri:0, instance:sirketadi.Tests.SubmitOrderTest3@52719fb6]" started-at="2022-09-16T10:19:09 TRT" name="launchApplication" finished-at="2022-09-16T10:19:13 TRT" duration-ms="4153" status="PASS">
          <reporter-output>
          </reporter-output>
        </test-method> <!-- launchApplication -->
        <test-method signature="OrderHistoryTest()[pri:0, instance:sirketadi.Tests.SubmitOrderTest3@52719fb6]" started-at="2022-09-16T10:19:13 TRT" name="OrderHistoryTest" finished-at="2022-09-16T10:19:15 TRT" depends-on-methods="sirketadi.Tests.SubmitOrderTest3.submitOrder" duration-ms="2228" status="PASS">
          <reporter-output>
          </reporter-output>
        </test-method> <!-- OrderHistoryTest -->
        <test-method is-config="true" signature="tearDown()[pri:0, instance:sirketadi.Tests.SubmitOrderTest3@52719fb6]" started-at="2022-09-16T10:19:15 TRT" name="tearDown" finished-at="2022-09-16T10:19:15 TRT" duration-ms="367" status="PASS">
          <reporter-output>
          </reporter-output>
        </test-method> <!-- tearDown -->
      </class> <!-- sirketadi.Tests.SubmitOrderTest3 -->
    </test> <!-- Default test -->
  </suite> <!-- Default suite -->
</testng-results>
