<?xml version="1.0" encoding="UTF-8"?>
<!-- Generated by org.testng.reporters.JUnitXMLReporter -->
<testsuite ignored="2" hostname="huseyincakiroglu" failures="0" tests="0" time="0.011" errors="0" timestamp="2022-09-16T10:07:52 TRT">
  <testcase classname="sirketadi.Tests.ErrorValidationsTest" name="ProductErrorValidations" time="0.0">
    <ignored/>
  </testcase> <!-- ProductErrorValidations -->
  <testcase classname="sirketadi.Tests.ErrorValidationsTest" name="LoginErrorValidations" time="0.0">
    <ignored/>
  </testcase> <!-- LoginErrorValidations -->
</testsuite>
