<?xml version="1.0" encoding="UTF-8"?>
<!-- Generated by org.testng.reporters.JUnitXMLReporter -->
<testsuite ignored="0" hostname="huseyincakiroglu" failures="0" tests="3" name="Default test" time="38.587" errors="0" timestamp="2022-09-16T10:19:15 TRT">
  <testcase classname="sirketadi.Tests.SubmitOrderTest3" name="submitOrder" time="9.878"/>
  <testcase classname="sirketadi.Tests.SubmitOrderTest3" name="submitOrder" time="9.889"/>
  <testcase classname="sirketadi.Tests.SubmitOrderTest3" name="OrderHistoryTest" time="2.228"/>
</testsuite> <!-- Default test -->
